Copyright 1986-2020 Xilinx, Inc. All Rights Reserved.
------------------------------------------------------------------------------------
| Tool Version : Vivado v.2020.2 (win64) Build 3064766 Wed Nov 18 09:12:45 MST 2020
| Date         : Wed May 26 11:53:25 2021
| Host         : DESKTOP-AV7OBB1 running 64-bit major release  (build 9200)
| Command      : upgrade_ip
| Device       : xc7a100tcsg324-1
------------------------------------------------------------------------------------

Upgrade Log for IP 'mb_design_CustomDisplay_0_0'

1. Summary
----------

SUCCESS in the upgrade of mb_design_CustomDisplay_0_0 (xilinx.com:user:CustomDisplay:1.0) from (Rev. 2) to (Rev. 3)






Copyright 1986-2020 Xilinx, Inc. All Rights Reserved.
------------------------------------------------------------------------------------
| Tool Version : Vivado v.2020.2 (win64) Build 3064766 Wed Nov 18 09:12:45 MST 2020
| Date         : Tue May 25 23:27:52 2021
| Host         : DESKTOP-AV7OBB1 running 64-bit major release  (build 9200)
| Command      : upgrade_ip
| Device       : xc7a100tcsg324-1
------------------------------------------------------------------------------------

Upgrade Log for IP 'mb_design_CustomDisplay_0_0'

1. Summary
----------

SUCCESS in the upgrade of mb_design_CustomDisplay_0_0 (xilinx.com:user:CustomDisplay:1.0) from (Rev. 1) to (Rev. 2)

