#-----------------------------------------------------------
# Vivado v2020.2 (64-bit)
# SW Build 3064766 on Wed Nov 18 09:12:45 MST 2020
# IP Build 3064653 on Wed Nov 18 14:17:31 MST 2020
# Start of session at: Sat Jun  5 18:08:42 2021
# Process ID: 5116
# Current directory: C:/Users/Menino/Desktop/MEU/4ano/2semestre/CR/Aula77777/CustomDisplay
# Command line: vivado.exe -gui_launcher_event rodinguilauncherevent7152 C:\Users\Menino\Desktop\MEU\4ano\2semestre\CR\Aula77777\CustomDisplay\CustomDisplay.xpr
# Log file: C:/Users/Menino/Desktop/MEU/4ano/2semestre/CR/Aula77777/CustomDisplay/vivado.log
# Journal file: C:/Users/Menino/Desktop/MEU/4ano/2semestre/CR/Aula77777/CustomDisplay\vivado.jou
#-----------------------------------------------------------
start_gui
open_project C:/Users/Menino/Desktop/MEU/4ano/2semestre/CR/Aula77777/CustomDisplay/CustomDisplay.xpr
Scanning sources...
Finished scanning sources
INFO: [IP_Flow 19-234] Refreshing IP repositories
INFO: [IP_Flow 19-1700] Loaded user IP repository 'c:/Users/Menino/Desktop/MEU/4ano/2semestre/CR/Aula77777/ip_repo/CustomDisplay_1.0'.
INFO: [IP_Flow 19-2313] Loaded Vivado IP repository 'C:/Xilinx/Vivado/2020.2/data/ip'.
WARNING: [BD 41-1661] One or more IPs have been locked in the design 'mb_design.bd'. Please run report_ip_status for more details and recommendations on how to fix this issue.
List of locked IPs:
mb_design_CustomDisplay_0_0

open_project: Time (s): cpu = 00:00:53 ; elapsed = 00:00:27 . Memory (MB): peak = 1001.551 ; gain = 0.000
update_compile_order -fileset sources_1
open_bd_design {C:/Users/Menino/Desktop/MEU/4ano/2semestre/CR/Aula77777/CustomDisplay/CustomDisplay.srcs/sources_1/bd/mb_design/mb_design.bd}
Reading block design file <C:/Users/Menino/Desktop/MEU/4ano/2semestre/CR/Aula77777/CustomDisplay/CustomDisplay.srcs/sources_1/bd/mb_design/mb_design.bd>...
Adding component instance block -- xilinx.com:ip:microblaze:11.0 - microblaze_0
Adding component instance block -- xilinx.com:ip:lmb_v10:3.0 - dlmb_v10
Adding component instance block -- xilinx.com:ip:lmb_v10:3.0 - ilmb_v10
Adding component instance block -- xilinx.com:ip:lmb_bram_if_cntlr:4.0 - dlmb_bram_if_cntlr
Adding component instance block -- xilinx.com:ip:lmb_bram_if_cntlr:4.0 - ilmb_bram_if_cntlr
Adding component instance block -- xilinx.com:ip:blk_mem_gen:8.4 - lmb_bram
Adding component instance block -- xilinx.com:ip:axi_interconnect:2.1 - microblaze_0_axi_periph
Adding component instance block -- xilinx.com:ip:axi_crossbar:2.1 - xbar
Adding component instance block -- xilinx.com:ip:axi_intc:4.1 - microblaze_0_axi_intc
Adding component instance block -- xilinx.com:ip:xlconcat:2.1 - microblaze_0_xlconcat
Adding component instance block -- xilinx.com:ip:mdm:3.2 - mdm_1
Adding component instance block -- xilinx.com:ip:clk_wiz:6.0 - clk_wiz_1
Adding component instance block -- xilinx.com:ip:proc_sys_reset:5.0 - rst_clk_wiz_1_100M
Adding component instance block -- xilinx.com:ip:axi_gpio:2.0 - axi_gpio_switches
Adding component instance block -- xilinx.com:ip:axi_gpio:2.0 - axi_gpio_leds
Adding component instance block -- xilinx.com:ip:axi_gpio:2.0 - axi_gpio_buttons
Adding component instance block -- xilinx.com:ip:axi_uartlite:2.0 - axi_uartlite_0
Adding component instance block -- xilinx.com:ip:axi_timer:2.0 - axi_timer_0
Adding component instance block -- xilinx.com:ip:fit_timer:2.0 - fit_timer_0
Adding component instance block -- xilinx.com:user:CustomDisplay:1.0 - CustomDisplay
Successfully read diagram <mb_design> from block design file <C:/Users/Menino/Desktop/MEU/4ano/2semestre/CR/Aula77777/CustomDisplay/CustomDisplay.srcs/sources_1/bd/mb_design/mb_design.bd>
open_bd_design: Time (s): cpu = 00:00:29 ; elapsed = 00:00:31 . Memory (MB): peak = 1001.551 ; gain = 0.000
exit
INFO: [Common 17-206] Exiting Vivado at Sat Jun  5 19:37:58 2021...
