#-----------------------------------------------------------
# Vivado v2020.2 (64-bit)
# SW Build 3064766 on Wed Nov 18 09:12:45 MST 2020
# IP Build 3064653 on Wed Nov 18 14:17:31 MST 2020
# Start of session at: Sat Jun  5 22:43:16 2021
# Process ID: 2872
# Current directory: C:/Users/Menino/Desktop/MEU/4ano/2semestre/CR/Aula77777/CustomDisplay
# Command line: vivado.exe -gui_launcher_event rodinguilauncherevent10388 C:\Users\Menino\Desktop\MEU\4ano\2semestre\CR\Aula77777\CustomDisplay\CustomDisplay.xpr
# Log file: C:/Users/Menino/Desktop/MEU/4ano/2semestre/CR/Aula77777/CustomDisplay/vivado.log
# Journal file: C:/Users/Menino/Desktop/MEU/4ano/2semestre/CR/Aula77777/CustomDisplay\vivado.jou
#-----------------------------------------------------------
start_gui
open_project C:/Users/Menino/Desktop/MEU/4ano/2semestre/CR/Aula77777/CustomDisplay/CustomDisplay.xpr
Scanning sources...
Finished scanning sources
INFO: [IP_Flow 19-234] Refreshing IP repositories
INFO: [IP_Flow 19-1700] Loaded user IP repository 'c:/Users/Menino/Desktop/MEU/4ano/2semestre/CR/Aula77777/ip_repo/CustomDisplay_1.0'.
INFO: [IP_Flow 19-2313] Loaded Vivado IP repository 'C:/Xilinx/Vivado/2020.2/data/ip'.
WARNING: [BD 41-1661] One or more IPs have been locked in the design 'mb_design.bd'. Please run report_ip_status for more details and recommendations on how to fix this issue.
List of locked IPs:
mb_design_CustomDisplay_0_0

open_project: Time (s): cpu = 00:00:56 ; elapsed = 00:00:32 . Memory (MB): peak = 1001.184 ; gain = 0.000
open_bd_design {C:/Users/Menino/Desktop/MEU/4ano/2semestre/CR/Aula77777/CustomDisplay/CustomDisplay.srcs/sources_1/bd/mb_design/mb_design.bd}
Reading block design file <C:/Users/Menino/Desktop/MEU/4ano/2semestre/CR/Aula77777/CustomDisplay/CustomDisplay.srcs/sources_1/bd/mb_design/mb_design.bd>...
Adding component instance block -- xilinx.com:ip:microblaze:11.0 - microblaze_0
Adding component instance block -- xilinx.com:ip:lmb_v10:3.0 - dlmb_v10
Adding component instance block -- xilinx.com:ip:lmb_v10:3.0 - ilmb_v10
Adding component instance block -- xilinx.com:ip:lmb_bram_if_cntlr:4.0 - dlmb_bram_if_cntlr
Adding component instance block -- xilinx.com:ip:lmb_bram_if_cntlr:4.0 - ilmb_bram_if_cntlr
Adding component instance block -- xilinx.com:ip:blk_mem_gen:8.4 - lmb_bram
Adding component instance block -- xilinx.com:ip:axi_interconnect:2.1 - microblaze_0_axi_periph
Adding component instance block -- xilinx.com:ip:axi_crossbar:2.1 - xbar
Adding component instance block -- xilinx.com:ip:axi_intc:4.1 - microblaze_0_axi_intc
Adding component instance block -- xilinx.com:ip:xlconcat:2.1 - microblaze_0_xlconcat
Adding component instance block -- xilinx.com:ip:mdm:3.2 - mdm_1
Adding component instance block -- xilinx.com:ip:clk_wiz:6.0 - clk_wiz_1
Adding component instance block -- xilinx.com:ip:proc_sys_reset:5.0 - rst_clk_wiz_1_100M
Adding component instance block -- xilinx.com:ip:axi_gpio:2.0 - axi_gpio_switches
Adding component instance block -- xilinx.com:ip:axi_gpio:2.0 - axi_gpio_leds
Adding component instance block -- xilinx.com:ip:axi_gpio:2.0 - axi_gpio_buttons
Adding component instance block -- xilinx.com:ip:axi_uartlite:2.0 - axi_uartlite_0
Adding component instance block -- xilinx.com:ip:axi_timer:2.0 - axi_timer_0
Adding component instance block -- xilinx.com:ip:fit_timer:2.0 - fit_timer_0
Adding component instance block -- xilinx.com:user:CustomDisplay:1.0 - CustomDisplay
Successfully read diagram <mb_design> from block design file <C:/Users/Menino/Desktop/MEU/4ano/2semestre/CR/Aula77777/CustomDisplay/CustomDisplay.srcs/sources_1/bd/mb_design/mb_design.bd>
open_bd_design: Time (s): cpu = 00:00:32 ; elapsed = 00:00:34 . Memory (MB): peak = 1001.184 ; gain = 0.000
update_compile_order -fileset sources_1
ipx::edit_ip_in_project -upgrade true -name CustomDisplay_v1_0_project -directory C:/Users/Menino/Desktop/MEU/4ano/2semestre/CR/Aula77777/CustomDisplay/CustomDisplay.tmp/CustomDisplay_v1_0_project c:/Users/Menino/Desktop/MEU/4ano/2semestre/CR/Aula77777/ip_repo/CustomDisplay_1.0/component.xml
INFO: [ProjectBase 1-489] The host OS only allows 260 characters in a normal path. The project is stored in a path with more than 80 characters. If you experience issues with IP, Block Designs, or files not being found, please consider moving the project to a location with a shorter path. Alternately consider using the OS subst command to map part of the path to a drive letter.
Current project path is 'c:/users/menino/desktop/meu/4ano/2semestre/cr/aula77777/customdisplay/customdisplay.tmp/customdisplay_v1_0_project'
INFO: [IP_Flow 19-234] Refreshing IP repositories
INFO: [IP_Flow 19-1704] No user IP repositories specified
INFO: [IP_Flow 19-2313] Loaded Vivado IP repository 'C:/Xilinx/Vivado/2020.2/data/ip'.
create_project: Time (s): cpu = 00:00:26 ; elapsed = 00:00:19 . Memory (MB): peak = 1001.184 ; gain = 0.000
INFO: [IP_Flow 19-234] Refreshing IP repositories
INFO: [IP_Flow 19-1700] Loaded user IP repository 'c:/Users/Menino/Desktop/MEU/4ano/2semestre/CR/Aula77777/ip_repo/CustomDisplay_1.0'.
INFO: [IP_Flow 19-795] Syncing license key meta-data
ipx::edit_ip_in_project: Time (s): cpu = 00:00:36 ; elapsed = 00:00:24 . Memory (MB): peak = 1001.184 ; gain = 0.000
update_compile_order -fileset sources_1
ipx::unload_core c:/Users/Menino/Desktop/MEU/4ano/2semestre/CR/Aula77777/ip_repo/CustomDisplay_1.0/component.xml
update_compile_order -fileset sources_1
file mkdir c:/users/menino/desktop/meu/4ano/2semestre/cr/aula77777/customdisplay/customdisplay.tmp/customdisplay_v1_0_project/CustomDisplay_v1_0_project.srcs/sources_1/new
close [ open c:/users/menino/desktop/meu/4ano/2semestre/cr/aula77777/customdisplay/customdisplay.tmp/customdisplay_v1_0_project/CustomDisplay_v1_0_project.srcs/sources_1/new/pulse_generator_1Hz.vhd w ]
add_files c:/users/menino/desktop/meu/4ano/2semestre/cr/aula77777/customdisplay/customdisplay.tmp/customdisplay_v1_0_project/CustomDisplay_v1_0_project.srcs/sources_1/new/pulse_generator_1Hz.vhd
update_compile_order -fileset sources_1
update_compile_order -fileset sources_1
close [ open c:/users/menino/desktop/meu/4ano/2semestre/cr/aula77777/customdisplay/customdisplay.tmp/customdisplay_v1_0_project/CustomDisplay_v1_0_project.srcs/sources_1/new/mux8to1.vhd w ]
add_files c:/users/menino/desktop/meu/4ano/2semestre/cr/aula77777/customdisplay/customdisplay.tmp/customdisplay_v1_0_project/CustomDisplay_v1_0_project.srcs/sources_1/new/mux8to1.vhd
close [ open c:/users/menino/desktop/meu/4ano/2semestre/cr/aula77777/customdisplay/customdisplay.tmp/customdisplay_v1_0_project/CustomDisplay_v1_0_project.srcs/sources_1/new/Counter3b.vhd w ]
add_files c:/users/menino/desktop/meu/4ano/2semestre/cr/aula77777/customdisplay/customdisplay.tmp/customdisplay_v1_0_project/CustomDisplay_v1_0_project.srcs/sources_1/new/Counter3b.vhd
close [ open c:/users/menino/desktop/meu/4ano/2semestre/cr/aula77777/customdisplay/customdisplay.tmp/customdisplay_v1_0_project/CustomDisplay_v1_0_project.srcs/sources_1/new/Hex2Seg.vhd w ]
add_files c:/users/menino/desktop/meu/4ano/2semestre/cr/aula77777/customdisplay/customdisplay.tmp/customdisplay_v1_0_project/CustomDisplay_v1_0_project.srcs/sources_1/new/Hex2Seg.vhd
close [ open c:/users/menino/desktop/meu/4ano/2semestre/cr/aula77777/customdisplay/customdisplay.tmp/customdisplay_v1_0_project/CustomDisplay_v1_0_project.srcs/sources_1/new/MuxBus8to1x4.vhd w ]
add_files c:/users/menino/desktop/meu/4ano/2semestre/cr/aula77777/customdisplay/customdisplay.tmp/customdisplay_v1_0_project/CustomDisplay_v1_0_project.srcs/sources_1/new/MuxBus8to1x4.vhd
update_compile_order -fileset sources_1
update_compile_order -fileset sources_1
update_compile_order -fileset sources_1
update_compile_order -fileset sources_1
close [ open c:/users/menino/desktop/meu/4ano/2semestre/cr/aula77777/customdisplay/customdisplay.tmp/customdisplay_v1_0_project/CustomDisplay_v1_0_project.srcs/sources_1/new/decoder3to8.vhd w ]
add_files c:/users/menino/desktop/meu/4ano/2semestre/cr/aula77777/customdisplay/customdisplay.tmp/customdisplay_v1_0_project/CustomDisplay_v1_0_project.srcs/sources_1/new/decoder3to8.vhd
update_compile_order -fileset sources_1
ipx::open_ipxact_file c:/Users/Menino/Desktop/MEU/4ano/2semestre/CR/Aula77777/ip_repo/CustomDisplay_1.0/component.xml
WARNING: [IP_Flow 19-3833] Unreferenced file from the top module is not packaged: 'c:/Users/Menino/Desktop/MEU/4ano/2semestre/CR/Aula77777/ip_repo/CustomDisplay_1.0/src/pulseeGenerator.vhd'.
WARNING: [IP_Flow 19-5226] Project source file 'c:/Users/Menino/Desktop/MEU/4ano/2semestre/CR/Aula77777/ip_repo/CustomDisplay_1.0/component.xml' ignored by IP packager.
WARNING: [IP_Flow 19-3898] File Group 'xilinx_vhdlsynthesis (VHDL Synthesis)': File 'c:/Users/Menino/Desktop/MEU/4ano/2semestre/CR/Aula77777/ip_repo/CustomDisplay_1.0/src/Nexys4DispDriver.vhd' is not found in the project sources. It will be removed from the packaged IP when the sources are merged. If still required, please add this file to the project and re-package.
WARNING: [IP_Flow 19-3898] File Group 'xilinx_vhdlsynthesis (VHDL Synthesis)': File 'c:/Users/Menino/Desktop/MEU/4ano/2semestre/CR/Aula77777/ip_repo/CustomDisplay_1.0/src/pulseeGenerator.vhd' is not found in the project sources. It will be removed from the packaged IP when the sources are merged. If still required, please add this file to the project and re-package.
WARNING: [IP_Flow 19-3898] File Group 'xilinx_vhdlsynthesis (VHDL Synthesis)': File 'c:/Users/Menino/Desktop/MEU/4ano/2semestre/CR/Aula77777/ip_repo/CustomDisplay_1.0/hdl/CustomDisplay_v1_0_S00_AXI.vhd' is not found in the project sources. It will be removed from the packaged IP when the sources are merged. If still required, please add this file to the project and re-package.
WARNING: [IP_Flow 19-3898] File Group 'xilinx_vhdlsynthesis (VHDL Synthesis)': File 'c:/Users/Menino/Desktop/MEU/4ano/2semestre/CR/Aula77777/ip_repo/CustomDisplay_1.0/src/hex2seg.vhd' is not found in the project sources. It will be removed from the packaged IP when the sources are merged. If still required, please add this file to the project and re-package.
WARNING: [IP_Flow 19-3898] File Group 'xilinx_vhdlsynthesis (VHDL Synthesis)': File 'c:/Users/Menino/Desktop/MEU/4ano/2semestre/CR/Aula77777/ip_repo/CustomDisplay_1.0/hdl/CustomDisplay_v1_0.vhd' is not found in the project sources. It will be removed from the packaged IP when the sources are merged. If still required, please add this file to the project and re-package.
WARNING: [IP_Flow 19-4308] Project file 'c:/users/menino/desktop/meu/4ano/2semestre/cr/aula77777/customdisplay/customdisplay.tmp/customdisplay_v1_0_project/CustomDisplay_v1_0_project.srcs/sources_1/new/Counter3b.vhd' is not found in the component files. It will be added automatically when merging sources and repackaging. Please remove the file from the source project if this is not desired.
WARNING: [IP_Flow 19-4308] Project file 'c:/users/menino/desktop/meu/4ano/2semestre/cr/aula77777/customdisplay/customdisplay.tmp/customdisplay_v1_0_project/CustomDisplay_v1_0_project.srcs/sources_1/new/Hex2Seg.vhd' is not found in the component files. It will be added automatically when merging sources and repackaging. Please remove the file from the source project if this is not desired.
WARNING: [IP_Flow 19-4308] Project file 'c:/users/menino/desktop/meu/4ano/2semestre/cr/aula77777/customdisplay/customdisplay.tmp/customdisplay_v1_0_project/CustomDisplay_v1_0_project.srcs/sources_1/new/MuxBus8to1x4.vhd' is not found in the component files. It will be added automatically when merging sources and repackaging. Please remove the file from the source project if this is not desired.
WARNING: [IP_Flow 19-4308] Project file 'c:/users/menino/desktop/meu/4ano/2semestre/cr/aula77777/customdisplay/customdisplay.tmp/customdisplay_v1_0_project/CustomDisplay_v1_0_project.srcs/sources_1/new/decoder3to8.vhd' is not found in the component files. It will be added automatically when merging sources and repackaging. Please remove the file from the source project if this is not desired.
WARNING: [IP_Flow 19-4308] Project file 'c:/users/menino/desktop/meu/4ano/2semestre/cr/aula77777/customdisplay/customdisplay.tmp/customdisplay_v1_0_project/CustomDisplay_v1_0_project.srcs/sources_1/new/mux8to1.vhd' is not found in the component files. It will be added automatically when merging sources and repackaging. Please remove the file from the source project if this is not desired.
WARNING: [IP_Flow 19-4308] Project file 'c:/users/menino/desktop/meu/4ano/2semestre/cr/aula77777/customdisplay/customdisplay.tmp/customdisplay_v1_0_project/CustomDisplay_v1_0_project.srcs/sources_1/new/pulse_generator_1Hz.vhd' is not found in the component files. It will be added automatically when merging sources and repackaging. Please remove the file from the source project if this is not desired.
WARNING: [IP_Flow 19-3898] File Group 'xilinx_vhdlbehavioralsimulation (VHDL Simulation)': File 'c:/Users/Menino/Desktop/MEU/4ano/2semestre/CR/Aula77777/ip_repo/CustomDisplay_1.0/src/Nexys4DispDriver.vhd' is not found in the project sources. It will be removed from the packaged IP when the sources are merged. If still required, please add this file to the project and re-package.
WARNING: [IP_Flow 19-3898] File Group 'xilinx_vhdlbehavioralsimulation (VHDL Simulation)': File 'c:/Users/Menino/Desktop/MEU/4ano/2semestre/CR/Aula77777/ip_repo/CustomDisplay_1.0/src/pulseeGenerator.vhd' is not found in the project sources. It will be removed from the packaged IP when the sources are merged. If still required, please add this file to the project and re-package.
WARNING: [IP_Flow 19-3898] File Group 'xilinx_vhdlbehavioralsimulation (VHDL Simulation)': File 'c:/Users/Menino/Desktop/MEU/4ano/2semestre/CR/Aula77777/ip_repo/CustomDisplay_1.0/hdl/CustomDisplay_v1_0_S00_AXI.vhd' is not found in the project sources. It will be removed from the packaged IP when the sources are merged. If still required, please add this file to the project and re-package.
WARNING: [IP_Flow 19-3898] File Group 'xilinx_vhdlbehavioralsimulation (VHDL Simulation)': File 'c:/Users/Menino/Desktop/MEU/4ano/2semestre/CR/Aula77777/ip_repo/CustomDisplay_1.0/src/hex2seg.vhd' is not found in the project sources. It will be removed from the packaged IP when the sources are merged. If still required, please add this file to the project and re-package.
WARNING: [IP_Flow 19-3898] File Group 'xilinx_vhdlbehavioralsimulation (VHDL Simulation)': File 'c:/Users/Menino/Desktop/MEU/4ano/2semestre/CR/Aula77777/ip_repo/CustomDisplay_1.0/hdl/CustomDisplay_v1_0.vhd' is not found in the project sources. It will be removed from the packaged IP when the sources are merged. If still required, please add this file to the project and re-package.
WARNING: [IP_Flow 19-4308] Project file 'c:/users/menino/desktop/meu/4ano/2semestre/cr/aula77777/customdisplay/customdisplay.tmp/customdisplay_v1_0_project/CustomDisplay_v1_0_project.srcs/sources_1/new/Counter3b.vhd' is not found in the component files. It will be added automatically when merging sources and repackaging. Please remove the file from the source project if this is not desired.
WARNING: [IP_Flow 19-4308] Project file 'c:/users/menino/desktop/meu/4ano/2semestre/cr/aula77777/customdisplay/customdisplay.tmp/customdisplay_v1_0_project/CustomDisplay_v1_0_project.srcs/sources_1/new/Hex2Seg.vhd' is not found in the component files. It will be added automatically when merging sources and repackaging. Please remove the file from the source project if this is not desired.
WARNING: [IP_Flow 19-4308] Project file 'c:/users/menino/desktop/meu/4ano/2semestre/cr/aula77777/customdisplay/customdisplay.tmp/customdisplay_v1_0_project/CustomDisplay_v1_0_project.srcs/sources_1/new/MuxBus8to1x4.vhd' is not found in the component files. It will be added automatically when merging sources and repackaging. Please remove the file from the source project if this is not desired.
WARNING: [IP_Flow 19-4308] Project file 'c:/users/menino/desktop/meu/4ano/2semestre/cr/aula77777/customdisplay/customdisplay.tmp/customdisplay_v1_0_project/CustomDisplay_v1_0_project.srcs/sources_1/new/decoder3to8.vhd' is not found in the component files. It will be added automatically when merging sources and repackaging. Please remove the file from the source project if this is not desired.
WARNING: [IP_Flow 19-4308] Project file 'c:/users/menino/desktop/meu/4ano/2semestre/cr/aula77777/customdisplay/customdisplay.tmp/customdisplay_v1_0_project/CustomDisplay_v1_0_project.srcs/sources_1/new/mux8to1.vhd' is not found in the component files. It will be added automatically when merging sources and repackaging. Please remove the file from the source project if this is not desired.
WARNING: [IP_Flow 19-4308] Project file 'c:/users/menino/desktop/meu/4ano/2semestre/cr/aula77777/customdisplay/customdisplay.tmp/customdisplay_v1_0_project/CustomDisplay_v1_0_project.srcs/sources_1/new/pulse_generator_1Hz.vhd' is not found in the component files. It will be added automatically when merging sources and repackaging. Please remove the file from the source project if this is not desired.
current_project CustomDisplay
current_project CustomDisplay_v1_0_project
launch_runs synth_1 -jobs 4
WARNING: [filemgmt 20-1318] Duplicate Design Unit 'hex2seg(Behavioral)' found in library 'xil_defaultlib'
	(Active) Duplicate found at line 13 of file c:/Users/Menino/Desktop/MEU/4ano/2semestre/CR/Aula77777/ip_repo/CustomDisplay_1.0/src/hex2seg.vhd
[Sat Jun  5 23:09:42 2021] Launched synth_1...
Run output will be captured here: c:/users/menino/desktop/meu/4ano/2semestre/cr/aula77777/customdisplay/customdisplay.tmp/customdisplay_v1_0_project/CustomDisplay_v1_0_project.runs/synth_1/runme.log
reset_run synth_1
launch_runs synth_1 -jobs 4
WARNING: [filemgmt 20-1318] Duplicate Design Unit 'Hex2Seg(Behavioral)' found in library 'xil_defaultlib'
	(Active) Duplicate found at line 12 of file c:/users/menino/desktop/meu/4ano/2semestre/cr/aula77777/customdisplay/customdisplay.tmp/customdisplay_v1_0_project/CustomDisplay_v1_0_project.srcs/sources_1/new/Hex2Seg.vhd
Duplicate found in file c:/Users/Menino/Desktop/MEU/4ano/2semestre/CR/Aula77777/ip_repo/CustomDisplay_1.0/src/hex2seg.vhd
[Sat Jun  5 23:14:34 2021] Launched synth_1...
Run output will be captured here: c:/users/menino/desktop/meu/4ano/2semestre/cr/aula77777/customdisplay/customdisplay.tmp/customdisplay_v1_0_project/CustomDisplay_v1_0_project.runs/synth_1/runme.log
reset_run synth_1
launch_runs synth_1 -jobs 4
WARNING: [filemgmt 20-1318] Duplicate Design Unit 'Hex2Seg(Behavioral)' found in library 'xil_defaultlib'
	(Active) Duplicate found at line 12 of file c:/users/menino/desktop/meu/4ano/2semestre/cr/aula77777/customdisplay/customdisplay.tmp/customdisplay_v1_0_project/CustomDisplay_v1_0_project.srcs/sources_1/new/Hex2Seg.vhd
Duplicate found in file c:/Users/Menino/Desktop/MEU/4ano/2semestre/CR/Aula77777/ip_repo/CustomDisplay_1.0/src/hex2seg.vhd
[Sat Jun  5 23:17:03 2021] Launched synth_1...
Run output will be captured here: c:/users/menino/desktop/meu/4ano/2semestre/cr/aula77777/customdisplay/customdisplay.tmp/customdisplay_v1_0_project/CustomDisplay_v1_0_project.runs/synth_1/runme.log
reset_run synth_1
launch_runs synth_1 -jobs 4
WARNING: [filemgmt 20-1318] Duplicate Design Unit 'Hex2Seg(Behavioral)' found in library 'xil_defaultlib'
	(Active) Duplicate found at line 12 of file c:/users/menino/desktop/meu/4ano/2semestre/cr/aula77777/customdisplay/customdisplay.tmp/customdisplay_v1_0_project/CustomDisplay_v1_0_project.srcs/sources_1/new/Hex2Seg.vhd
Duplicate found in file c:/Users/Menino/Desktop/MEU/4ano/2semestre/CR/Aula77777/ip_repo/CustomDisplay_1.0/src/hex2seg.vhd
[Sat Jun  5 23:22:07 2021] Launched synth_1...
Run output will be captured here: c:/users/menino/desktop/meu/4ano/2semestre/cr/aula77777/customdisplay/customdisplay.tmp/customdisplay_v1_0_project/CustomDisplay_v1_0_project.runs/synth_1/runme.log
reset_run synth_1
launch_runs synth_1 -jobs 4
WARNING: [filemgmt 20-1318] Duplicate Design Unit 'Hex2Seg(Behavioral)' found in library 'xil_defaultlib'
	(Active) Duplicate found at line 12 of file c:/users/menino/desktop/meu/4ano/2semestre/cr/aula77777/customdisplay/customdisplay.tmp/customdisplay_v1_0_project/CustomDisplay_v1_0_project.srcs/sources_1/new/Hex2Seg.vhd
Duplicate found in file c:/Users/Menino/Desktop/MEU/4ano/2semestre/CR/Aula77777/ip_repo/CustomDisplay_1.0/src/hex2seg.vhd
[Sat Jun  5 23:24:05 2021] Launched synth_1...
Run output will be captured here: c:/users/menino/desktop/meu/4ano/2semestre/cr/aula77777/customdisplay/customdisplay.tmp/customdisplay_v1_0_project/CustomDisplay_v1_0_project.runs/synth_1/runme.log
reset_run synth_1
launch_runs synth_1 -jobs 4
WARNING: [filemgmt 20-1318] Duplicate Design Unit 'Hex2Seg(Behavioral)' found in library 'xil_defaultlib'
	(Active) Duplicate found at line 12 of file c:/users/menino/desktop/meu/4ano/2semestre/cr/aula77777/customdisplay/customdisplay.tmp/customdisplay_v1_0_project/CustomDisplay_v1_0_project.srcs/sources_1/new/Hex2Seg.vhd
Duplicate found in file c:/Users/Menino/Desktop/MEU/4ano/2semestre/CR/Aula77777/ip_repo/CustomDisplay_1.0/src/hex2seg.vhd
[Sat Jun  5 23:28:58 2021] Launched synth_1...
Run output will be captured here: c:/users/menino/desktop/meu/4ano/2semestre/cr/aula77777/customdisplay/customdisplay.tmp/customdisplay_v1_0_project/CustomDisplay_v1_0_project.runs/synth_1/runme.log
reset_run synth_1
launch_runs synth_1 -jobs 4
WARNING: [filemgmt 20-1318] Duplicate Design Unit 'Hex2Seg(Behavioral)' found in library 'xil_defaultlib'
	(Active) Duplicate found at line 12 of file c:/users/menino/desktop/meu/4ano/2semestre/cr/aula77777/customdisplay/customdisplay.tmp/customdisplay_v1_0_project/CustomDisplay_v1_0_project.srcs/sources_1/new/Hex2Seg.vhd
Duplicate found in file c:/Users/Menino/Desktop/MEU/4ano/2semestre/CR/Aula77777/ip_repo/CustomDisplay_1.0/src/hex2seg.vhd
[Sat Jun  5 23:30:21 2021] Launched synth_1...
Run output will be captured here: c:/users/menino/desktop/meu/4ano/2semestre/cr/aula77777/customdisplay/customdisplay.tmp/customdisplay_v1_0_project/CustomDisplay_v1_0_project.runs/synth_1/runme.log
reset_run synth_1
launch_runs synth_1 -jobs 4
WARNING: [filemgmt 20-1318] Duplicate Design Unit 'Hex2Seg(Behavioral)' found in library 'xil_defaultlib'
	(Active) Duplicate found at line 12 of file c:/users/menino/desktop/meu/4ano/2semestre/cr/aula77777/customdisplay/customdisplay.tmp/customdisplay_v1_0_project/CustomDisplay_v1_0_project.srcs/sources_1/new/Hex2Seg.vhd
Duplicate found in file c:/Users/Menino/Desktop/MEU/4ano/2semestre/CR/Aula77777/ip_repo/CustomDisplay_1.0/src/hex2seg.vhd
[Sat Jun  5 23:31:37 2021] Launched synth_1...
Run output will be captured here: c:/users/menino/desktop/meu/4ano/2semestre/cr/aula77777/customdisplay/customdisplay.tmp/customdisplay_v1_0_project/CustomDisplay_v1_0_project.runs/synth_1/runme.log
reset_run synth_1
launch_runs synth_1 -jobs 4
WARNING: [filemgmt 20-1318] Duplicate Design Unit 'Hex2Seg(Behavioral)' found in library 'xil_defaultlib'
	(Active) Duplicate found at line 12 of file c:/users/menino/desktop/meu/4ano/2semestre/cr/aula77777/customdisplay/customdisplay.tmp/customdisplay_v1_0_project/CustomDisplay_v1_0_project.srcs/sources_1/new/Hex2Seg.vhd
Duplicate found in file c:/Users/Menino/Desktop/MEU/4ano/2semestre/CR/Aula77777/ip_repo/CustomDisplay_1.0/src/hex2seg.vhd
[Sat Jun  5 23:33:02 2021] Launched synth_1...
Run output will be captured here: c:/users/menino/desktop/meu/4ano/2semestre/cr/aula77777/customdisplay/customdisplay.tmp/customdisplay_v1_0_project/CustomDisplay_v1_0_project.runs/synth_1/runme.log
current_project CustomDisplay
close_project
exit
INFO: [Common 17-206] Exiting Vivado at Sat Jun  5 23:45:54 2021...
