#-----------------------------------------------------------
# Vivado v2020.2 (64-bit)
# SW Build 3064766 on Wed Nov 18 09:12:45 MST 2020
# IP Build 3064653 on Wed Nov 18 14:17:31 MST 2020
# Start of session at: Wed Apr 21 10:43:57 2021
# Process ID: 4656
# Current directory: C:/Users/Menino/Desktop/MEU/4ano/2semestre/CR/Aula4/part1/project_1
# Command line: vivado.exe -gui_launcher_event rodinguilauncherevent900 C:\Users\Menino\Desktop\MEU\4ano\2semestre\CR\Aula4\part1\project_1\project_1.xpr
# Log file: C:/Users/Menino/Desktop/MEU/4ano/2semestre/CR/Aula4/part1/project_1/vivado.log
# Journal file: C:/Users/Menino/Desktop/MEU/4ano/2semestre/CR/Aula4/part1/project_1\vivado.jou
#-----------------------------------------------------------
start_gui
open_project C:/Users/Menino/Desktop/MEU/4ano/2semestre/CR/Aula4/part1/project_1/project_1.xpr
WARNING: [filemgmt 56-3] Default IP Output Path : Could not find the directory 'C:/Users/Menino/Desktop/MEU/4ano/2semestre/CR/Aula4/part1/project_1/project_1.gen/sources_1'.
Scanning sources...
Finished scanning sources
INFO: [IP_Flow 19-234] Refreshing IP repositories
INFO: [IP_Flow 19-1704] No user IP repositories specified
INFO: [IP_Flow 19-2313] Loaded Vivado IP repository 'C:/Xilinx/Vivado/2020.2/data/ip'.
open_project: Time (s): cpu = 00:00:22 ; elapsed = 00:00:09 . Memory (MB): peak = 1000.762 ; gain = 0.000
update_compile_order -fileset sources_1
exit
INFO: [Common 17-206] Exiting Vivado at Wed Apr 21 11:26:02 2021...
