22:42:57 INFO  : Launching XSCT server: xsct.bat -n  -interactive C:\Users\Menino\Desktop\MEU\4ano\2semestre\CR\Aula7\CustomPerith\temp_xsdb_launch_script.tcl
22:43:00 INFO  : Registering command handlers for Vitis TCF services
22:43:06 INFO  : XSCT server has started successfully.
22:43:06 INFO  : Platform repository initialization has completed.
22:43:06 INFO  : Successfully done setting XSCT server connection channel  
22:43:06 INFO  : plnx-install-location is set to ''
22:43:06 INFO  : Successfully done setting workspace for the tool. 
22:43:06 INFO  : Successfully done query RDI_DATADIR 
22:43:47 INFO  : Result from executing command 'getProjects': mb_design_wrapper
22:43:47 INFO  : Result from executing command 'getPlatforms': 
22:43:47 WARN  : An unexpected exception occurred in the module 'platform project logging'
22:43:48 INFO  : Platform 'mb_design_wrapper' is added to custom repositories.
22:43:53 INFO  : Platform 'mb_design_wrapper' is added to custom repositories.
22:52:02 INFO  : Connected to target on host '127.0.0.1' and port '3121'.
22:52:03 INFO  : Jtag cable 'Digilent Nexys4 210274505271A' is selected.
22:52:03 INFO  : 'jtag frequency' command is executed.
22:52:03 INFO  : 'targets -set -filter {jtag_cable_name =~ "Digilent Nexys4 210274505271A" && level==0 && jtag_device_ctx=="jsn-Nexys4-210274505271A-13631093-0"}' command is executed.
22:52:06 INFO  : Device configured successfully with "C:/Users/Menino/Desktop/MEU/4ano/2semestre/CR/Aula7/CustomPerith/project8/_ide/bitstream/mb_design_wrapper.bit"
22:52:06 INFO  : Context for processor 'microblaze_0' is selected.
22:52:06 INFO  : Hardware design and registers information is loaded from 'C:/Users/Menino/Desktop/MEU/4ano/2semestre/CR/Aula7/CustomPerith/mb_design_wrapper/export/mb_design_wrapper/hw/mb_design_wrapper.xsa'.
22:52:06 INFO  : 'configparams mdm-detect-bscan-mask 2' command is executed.
22:52:06 INFO  : Context for processor 'microblaze_0' is selected.
22:52:06 INFO  : System reset is completed.
22:52:09 INFO  : 'after 3000' command is executed.
22:52:09 INFO  : ----------------XSDB Script----------------
connect -url tcp:127.0.0.1:3121
targets -set -filter {jtag_cable_name =~ "Digilent Nexys4 210274505271A" && level==0 && jtag_device_ctx=="jsn-Nexys4-210274505271A-13631093-0"}
fpga -file C:/Users/Menino/Desktop/MEU/4ano/2semestre/CR/Aula7/CustomPerith/project8/_ide/bitstream/mb_design_wrapper.bit
targets -set -nocase -filter {name =~ "*microblaze*#0" && bscan=="USER2" }
loadhw -hw C:/Users/Menino/Desktop/MEU/4ano/2semestre/CR/Aula7/CustomPerith/mb_design_wrapper/export/mb_design_wrapper/hw/mb_design_wrapper.xsa -regs
configparams mdm-detect-bscan-mask 2
targets -set -nocase -filter {name =~ "*microblaze*#0" && bscan=="USER2" }
rst -system
after 3000
----------------End of Script----------------

22:52:09 INFO  : Launch script is exported to file 'C:\Users\Menino\Desktop\MEU\4ano\2semestre\CR\Aula7\CustomPerith\project8_system\_ide\scripts\systemdebugger_project8_system_standalone.tcl'
22:59:48 INFO  : Disconnected from the channel tcfchan#1.
