Copyright 1986-2020 Xilinx, Inc. All Rights Reserved.
------------------------------------------------------------------------------------
| Tool Version : Vivado v.2020.2 (win64) Build 3064766 Wed Nov 18 09:12:45 MST 2020
| Date         : Sat Apr 24 20:07:13 2021
| Host         : DESKTOP-AV7OBB1 running 64-bit major release  (build 9200)
| Command      : report_control_sets -verbose -file Wrapper_control_sets_placed.rpt
| Design       : Wrapper
| Device       : xc7a100t
------------------------------------------------------------------------------------

Control Set Information

Table of Contents
-----------------
1. Summary
2. Histogram
3. Flip-Flop Distribution
4. Detailed Control Set Information

1. Summary
----------

+----------------------------------------------------------+-------+
|                          Status                          | Count |
+----------------------------------------------------------+-------+
| Total control sets                                       |    13 |
|    Minimum number of control sets                        |    13 |
|    Addition due to synthesis replication                 |     0 |
|    Addition due to physical synthesis replication        |     0 |
| Unused register locations in slices containing registers |    36 |
+----------------------------------------------------------+-------+
* Control sets can be merged at opt_design using control_set_merge or merge_equivalent_drivers
** Run report_qor_suggestions for automated merging and remapping suggestions


2. Histogram
------------

+--------------------+-------+
|       Fanout       | Count |
+--------------------+-------+
| Total control sets |    13 |
| >= 0 to < 4        |     1 |
| >= 4 to < 6        |     2 |
| >= 6 to < 8        |     0 |
| >= 8 to < 10       |     2 |
| >= 10 to < 12      |     0 |
| >= 12 to < 14      |     1 |
| >= 14 to < 16      |     0 |
| >= 16              |     7 |
+--------------------+-------+
* Control sets can be remapped at either synth_design or opt_design


3. Flip-Flop Distribution
-------------------------

+--------------+-----------------------+------------------------+-----------------+--------------+
| Clock Enable | Synchronous Set/Reset | Asynchronous Set/Reset | Total Registers | Total Slices |
+--------------+-----------------------+------------------------+-----------------+--------------+
| No           | No                    | No                     |              24 |           11 |
| No           | No                    | Yes                    |               0 |            0 |
| No           | Yes                   | No                     |             113 |           30 |
| Yes          | No                    | No                     |              19 |            8 |
| Yes          | No                    | Yes                    |               0 |            0 |
| Yes          | Yes                   | No                     |              48 |           19 |
+--------------+-----------------------+------------------------+-----------------+--------------+


4. Detailed Control Set Information
-----------------------------------

+-------------------------------+----------------------------------------------+----------------------------------------------+------------------+----------------+--------------+
|          Clock Signal         |                 Enable Signal                |               Set/Reset Signal               | Slice Load Count | Bel Load Count | Bels / Slice |
+-------------------------------+----------------------------------------------+----------------------------------------------+------------------+----------------+--------------+
|  control_unit/run_reg_i_2_n_0 |                                              |                                              |                1 |              1 |         1.00 |
|  clk_IBUF_BUFG                | pulse_generator1Hz/pulse_reg_2[0]            |                                              |                2 |              4 |         2.00 |
|  clk_IBUF_BUFG                | control_unit/E[0]                            |                                              |                1 |              4 |         4.00 |
|  clk_IBUF_BUFG                | but_C_debouncer/s_debounceCnt[23]_i_2__0_n_0 | but_C_debouncer/s_debounceCnt[23]_i_1__0_n_0 |                2 |              8 |         4.00 |
|  clk_IBUF_BUFG                | but_R_debouncer/s_debounceCnt[23]_i_2_n_0    | but_R_debouncer/p_1_in0                      |                3 |              8 |         2.67 |
|  clk_IBUF_BUFG                | pulse_generator800Hz/E[0]                    |                                              |                5 |             12 |         2.40 |
|  clk_IBUF_BUFG                | but_C_debouncer/s_debounceCnt[22]_i_2__0_n_0 | but_C_debouncer/s_debounceCnt[22]_i_1__0_n_0 |                7 |             16 |         2.29 |
|  clk_IBUF_BUFG                | but_R_debouncer/p_2_in                       | but_R_debouncer/s_debounceCnt[22]_i_1_n_0    |                7 |             16 |         2.29 |
|  clk_IBUF_BUFG                |                                              |                                              |               10 |             23 |         2.30 |
|  clk_IBUF_BUFG                |                                              | blink2Hz/clear                               |                7 |             26 |         3.71 |
|  clk_IBUF_BUFG                |                                              | blink1HZ/s_counter[0]_i_1__1_n_0             |                7 |             27 |         3.86 |
|  clk_IBUF_BUFG                |                                              | pulse_generator1Hz/s_counter[30]_i_1__0_n_0  |                8 |             30 |         3.75 |
|  clk_IBUF_BUFG                |                                              | pulse_generator800Hz/s_counter[30]_i_1_n_0   |                8 |             30 |         3.75 |
+-------------------------------+----------------------------------------------+----------------------------------------------+------------------+----------------+--------------+


