#-----------------------------------------------------------
# Vivado v2020.2 (64-bit)
# SW Build 3064766 on Wed Nov 18 09:12:45 MST 2020
# IP Build 3064653 on Wed Nov 18 14:17:31 MST 2020
# Start of session at: Tue Apr 27 18:58:30 2021
# Process ID: 10344
# Current directory: C:/Users/Menino/Desktop/MEU/4ano/2semestre/CR/Aula4/countDownTimerPart2
# Command line: vivado.exe -gui_launcher_event rodinguilauncherevent8308 C:\Users\Menino\Desktop\MEU\4ano\2semestre\CR\Aula4\countDownTimerPart2\countDownTimerPart2.xpr
# Log file: C:/Users/Menino/Desktop/MEU/4ano/2semestre/CR/Aula4/countDownTimerPart2/vivado.log
# Journal file: C:/Users/Menino/Desktop/MEU/4ano/2semestre/CR/Aula4/countDownTimerPart2\vivado.jou
#-----------------------------------------------------------
start_gui
open_project C:/Users/Menino/Desktop/MEU/4ano/2semestre/CR/Aula4/countDownTimerPart2/countDownTimerPart2.xpr
WARNING: [filemgmt 56-3] Default IP Output Path : Could not find the directory 'C:/Users/Menino/Desktop/MEU/4ano/2semestre/CR/Aula4/countDownTimerPart2/countDownTimerPart2.gen/sources_1'.
CRITICAL WARNING: [Project 1-19] Could not find the file 'C:/Users/Menino/Desktop/MEU/4ano/2semestre/CR/Aula4/countDownTimerPart2/countDownTimerPart2.srcs/sources_1/new/DataPath.vhd'.
Scanning sources...
Finished scanning sources
INFO: [IP_Flow 19-234] Refreshing IP repositories
INFO: [IP_Flow 19-1704] No user IP repositories specified
INFO: [IP_Flow 19-2313] Loaded Vivado IP repository 'C:/Xilinx/Vivado/2020.2/data/ip'.
open_project: Time (s): cpu = 00:00:22 ; elapsed = 00:00:09 . Memory (MB): peak = 999.582 ; gain = 0.000
update_compile_order -fileset sources_1
open_hw_manager
connect_hw_server -allow_non_jtag
INFO: [Labtools 27-2285] Connecting to hw_server url TCP:localhost:3121
INFO: [Labtools 27-3415] Connecting to cs_server url TCP:localhost:3042
INFO: [Labtools 27-3417] Launching cs_server...
INFO: [Labtools 27-2221] Launch Output:


******** Xilinx cs_server v2020.2
  ****** Build date   : Nov 03 2020-21:02:56
    **** Build number : 2020.2.1604437376
      ** Copyright 2017-2020 Xilinx, Inc. All Rights Reserved.



connect_hw_server: Time (s): cpu = 00:00:03 ; elapsed = 00:00:11 . Memory (MB): peak = 999.582 ; gain = 0.000
open_hw_target
INFO: [Labtoolstcl 44-466] Opening hw_target localhost:3121/xilinx_tcf/Digilent/210274505271A
ERROR: [Labtools 27-2269] No devices detected on target localhost:3121/xilinx_tcf/Digilent/210274505271A.
Check cable connectivity and that the target board is powered up then
use the disconnect_hw_server and connect_hw_server to re-register this hardware target.
ERROR: [Common 17-39] 'open_hw_target' failed due to earlier errors.
ERROR: [Labtoolstcl 44-513] HW Target shutdown. Closing target: localhost:3121/xilinx_tcf/Digilent/210274505271A
disconnect_hw_server localhost:3121
connect_hw_server -allow_non_jtag
INFO: [Labtools 27-2285] Connecting to hw_server url TCP:localhost:3121
INFO: [Labtools 27-3415] Connecting to cs_server url TCP:localhost:3042
INFO: [Labtools 27-3414] Connected to existing cs_server.
open_hw_target
INFO: [Labtoolstcl 44-466] Opening hw_target localhost:3121/xilinx_tcf/Digilent/210274505271A
ERROR: [Labtools 27-2269] No devices detected on target localhost:3121/xilinx_tcf/Digilent/210274505271A.
Check cable connectivity and that the target board is powered up then
use the disconnect_hw_server and connect_hw_server to re-register this hardware target.
ERROR: [Common 17-39] 'open_hw_target' failed due to earlier errors.
exit
INFO: [Common 17-206] Exiting Vivado at Tue Apr 27 19:00:58 2021...
