#-----------------------------------------------------------
# Vivado v2020.2 (64-bit)
# SW Build 3064766 on Wed Nov 18 09:12:45 MST 2020
# IP Build 3064653 on Wed Nov 18 14:17:31 MST 2020
# Start of session at: Wed Mar 31 13:50:55 2021
# Process ID: 13484
# Current directory: C:/Users/Menino/Desktop/MEU/4ano/2semestre/CR/Aula2/counter4_bits
# Command line: vivado.exe -gui_launcher_event rodinguilauncherevent3008 C:\Users\Menino\Desktop\MEU\4ano\2semestre\CR\Aula2\counter4_bits\counter4_bits.xpr
# Log file: C:/Users/Menino/Desktop/MEU/4ano/2semestre/CR/Aula2/counter4_bits/vivado.log
# Journal file: C:/Users/Menino/Desktop/MEU/4ano/2semestre/CR/Aula2/counter4_bits\vivado.jou
#-----------------------------------------------------------
start_gui
open_project C:/Users/Menino/Desktop/MEU/4ano/2semestre/CR/Aula2/counter4_bits/counter4_bits.xpr
INFO: [Project 1-313] Project file moved from 'C:/Users/pedro/OneDrive/Desktop/uni/2/CR/aula02/counter4_bits' since last save.
WARNING: [filemgmt 56-2] Default IP Output Path : Could not find the directory 'C:/Users/Menino/Desktop/MEU/4ano/2semestre/CR/Aula2/counter4_bits/counter4_bits.gen/sources_1', nor could it be found using path 'C:/Users/pedro/OneDrive/Desktop/uni/2/CR/aula02/counter4_bits/counter4_bits.gen/sources_1'.
CRITICAL WARNING: [Project 1-311] Could not find the file 'C:/Users/Menino/Downloads/wrapper.vhd', nor could it be found using path 'C:/Users/pedro/Downloads/wrapper.vhd'.
Scanning sources...
Finished scanning sources
INFO: [IP_Flow 19-234] Refreshing IP repositories
INFO: [IP_Flow 19-1704] No user IP repositories specified
INFO: [IP_Flow 19-2313] Loaded Vivado IP repository 'C:/Xilinx/Vivado/2020.2/data/ip'.
open_project: Time (s): cpu = 00:00:21 ; elapsed = 00:00:08 . Memory (MB): peak = 1001.203 ; gain = 0.000
update_compile_order -fileset sources_1
update_compile_order -fileset sources_1
close [ open C:/Users/Menino/Desktop/MEU/4ano/2semestre/CR/Aula2/counter4_bits/counter4_bits.srcs/sources_1/new/wrapperParte1.vhd w ]
add_files C:/Users/Menino/Desktop/MEU/4ano/2semestre/CR/Aula2/counter4_bits/counter4_bits.srcs/sources_1/new/wrapperParte1.vhd
update_compile_order -fileset sources_1
update_compile_order -fileset sources_1
update_compile_order -fileset sources_1
update_compile_order -fileset sources_1
update_compile_order -fileset sources_1
update_compile_order -fileset sources_1
reset_run synth_1
launch_runs impl_1 -to_step write_bitstream -jobs 2
[Wed Mar 31 14:32:37 2021] Launched synth_1...
Run output will be captured here: C:/Users/Menino/Desktop/MEU/4ano/2semestre/CR/Aula2/counter4_bits/counter4_bits.runs/synth_1/runme.log
[Wed Mar 31 14:32:37 2021] Launched impl_1...
Run output will be captured here: C:/Users/Menino/Desktop/MEU/4ano/2semestre/CR/Aula2/counter4_bits/counter4_bits.runs/impl_1/runme.log
open_hw_manager
connect_hw_server -allow_non_jtag
INFO: [Labtools 27-2285] Connecting to hw_server url TCP:localhost:3121
INFO: [Labtools 27-2222] Launching hw_server...
INFO: [Labtools 27-2221] Launch Output:

****** Xilinx hw_server v2020.2
  **** Build date : Nov 18 2020 at 10:01:48
    ** Copyright 1986-2020 Xilinx, Inc. All Rights Reserved.


INFO: [Labtools 27-3415] Connecting to cs_server url TCP:localhost:3042
INFO: [Labtools 27-3417] Launching cs_server...
INFO: [Labtools 27-2221] Launch Output:


******** Xilinx cs_server v2020.2
  ****** Build date   : Nov 03 2020-21:02:56
    **** Build number : 2020.2.1604437376
      ** Copyright 2017-2020 Xilinx, Inc. All Rights Reserved.



connect_hw_server: Time (s): cpu = 00:00:01 ; elapsed = 00:00:25 . Memory (MB): peak = 1001.203 ; gain = 0.000
open_hw_target
INFO: [Labtoolstcl 44-466] Opening hw_target localhost:3121/xilinx_tcf/Digilent/210274505271A
open_hw_target: Time (s): cpu = 00:00:07 ; elapsed = 00:00:08 . Memory (MB): peak = 2317.805 ; gain = 1316.602
set_property PROGRAM.FILE {C:/Users/Menino/Desktop/MEU/4ano/2semestre/CR/Aula2/counter4_bits/counter4_bits.runs/impl_1/wrapperParte1.bit} [get_hw_devices xc7a100t_0]
current_hw_device [get_hw_devices xc7a100t_0]
refresh_hw_device -update_hw_probes false [lindex [get_hw_devices xc7a100t_0] 0]
INFO: [Labtools 27-1434] Device xc7a100t (JTAG device index = 0) is programmed with a design that has no supported debug core(s) in it.
set_property PROBES.FILE {} [get_hw_devices xc7a100t_0]
set_property FULL_PROBES.FILE {} [get_hw_devices xc7a100t_0]
set_property PROGRAM.FILE {C:/Users/Menino/Desktop/MEU/4ano/2semestre/CR/Aula2/counter4_bits/counter4_bits.runs/impl_1/wrapperParte1.bit} [get_hw_devices xc7a100t_0]
program_hw_devices [get_hw_devices xc7a100t_0]
INFO: [Labtools 27-3164] End of startup status: HIGH
refresh_hw_device [lindex [get_hw_devices xc7a100t_0] 0]
INFO: [Labtools 27-1434] Device xc7a100t (JTAG device index = 0) is programmed with a design that has no supported debug core(s) in it.
close_hw_manager
exit
INFO: [Common 17-206] Exiting Vivado at Wed Mar 31 14:42:07 2021...
