#-----------------------------------------------------------
# Vivado v2020.2 (64-bit)
# SW Build 3064766 on Wed Nov 18 09:12:45 MST 2020
# IP Build 3064653 on Wed Nov 18 14:17:31 MST 2020
# Start of session at: Thu Apr 22 13:07:39 2021
# Process ID: 2180
# Current directory: C:/Users/pedro/OneDrive/Desktop/uni/2/CR/aula04/countDownTimerPart2
# Command line: vivado.exe -gui_launcher_event rodinguilauncherevent12768 C:\Users\pedro\OneDrive\Desktop\uni\2\CR\aula04\countDownTimerPart2\countDownTimerPart2.xpr
# Log file: C:/Users/pedro/OneDrive/Desktop/uni/2/CR/aula04/countDownTimerPart2/vivado.log
# Journal file: C:/Users/pedro/OneDrive/Desktop/uni/2/CR/aula04/countDownTimerPart2\vivado.jou
#-----------------------------------------------------------
start_gui
open_project C:/Users/pedro/OneDrive/Desktop/uni/2/CR/aula04/countDownTimerPart2/countDownTimerPart2.xpr
WARNING: [filemgmt 56-3] Default IP Output Path : Could not find the directory 'C:/Users/pedro/OneDrive/Desktop/uni/2/CR/aula04/countDownTimerPart2/countDownTimerPart2.gen/sources_1'.
Scanning sources...
Finished scanning sources
INFO: [IP_Flow 19-234] Refreshing IP repositories
INFO: [IP_Flow 19-1704] No user IP repositories specified
INFO: [IP_Flow 19-2313] Loaded Vivado IP repository 'C:/Xilinx/Vivado/2020.2/data/ip'.
open_project: Time (s): cpu = 00:00:21 ; elapsed = 00:00:11 . Memory (MB): peak = 1005.301 ; gain = 0.000
update_compile_order -fileset sources_1
close [ open C:/Users/pedro/OneDrive/Desktop/uni/2/CR/aula04/countDownTimerPart2/countDownTimerPart2.srcs/sources_1/new/dataPathCounter.vhd w ]
add_files C:/Users/pedro/OneDrive/Desktop/uni/2/CR/aula04/countDownTimerPart2/countDownTimerPart2.srcs/sources_1/new/dataPathCounter.vhd
update_compile_order -fileset sources_1
export_ip_user_files -of_objects  [get_files C:/Users/pedro/OneDrive/Desktop/uni/2/CR/aula04/countDownTimerPart2/countDownTimerPart2.srcs/sources_1/new/dataPathCounter.vhd] -no_script -reset -force -quiet
remove_files  C:/Users/pedro/OneDrive/Desktop/uni/2/CR/aula04/countDownTimerPart2/countDownTimerPart2.srcs/sources_1/new/dataPathCounter.vhd
close [ open C:/Users/pedro/OneDrive/Desktop/uni/2/CR/aula04/countDownTimerPart2/countDownTimerPart2.srcs/sources_1/new/DataPathCountDown.vhd w ]
add_files C:/Users/pedro/OneDrive/Desktop/uni/2/CR/aula04/countDownTimerPart2/countDownTimerPart2.srcs/sources_1/new/DataPathCountDown.vhd
update_compile_order -fileset sources_1
set_property file_type {VHDL 2008} [get_files  C:/Users/pedro/OneDrive/Desktop/uni/2/CR/aula04/countDownTimerPart2/countDownTimerPart2.srcs/sources_1/imports/CR/aula03/pulseeGenerator.vhd]
update_compile_order -fileset sources_1
update_compile_order -fileset sources_1
update_compile_order -fileset sources_1
launch_runs impl_1 -to_step write_bitstream -jobs 6
[Sat Apr 24 12:56:18 2021] Launched synth_1...
Run output will be captured here: C:/Users/pedro/OneDrive/Desktop/uni/2/CR/aula04/countDownTimerPart2/countDownTimerPart2.runs/synth_1/runme.log
[Sat Apr 24 12:56:18 2021] Launched impl_1...
Run output will be captured here: C:/Users/pedro/OneDrive/Desktop/uni/2/CR/aula04/countDownTimerPart2/countDownTimerPart2.runs/impl_1/runme.log
reset_run synth_1
launch_runs impl_1 -to_step write_bitstream -jobs 6
[Sat Apr 24 13:03:19 2021] Launched synth_1...
Run output will be captured here: C:/Users/pedro/OneDrive/Desktop/uni/2/CR/aula04/countDownTimerPart2/countDownTimerPart2.runs/synth_1/runme.log
[Sat Apr 24 13:03:19 2021] Launched impl_1...
Run output will be captured here: C:/Users/pedro/OneDrive/Desktop/uni/2/CR/aula04/countDownTimerPart2/countDownTimerPart2.runs/impl_1/runme.log
